<?xml version="1.0" encoding="UTF-8"?>
<!-- Generated by org.testng.reporters.JUnitReportReporter -->
<testsuite skipped="0" hostname="DESKTOP-AO51KEB" name="com.training.sanity.tests.LoanInfo" tests="1" failures="0" timestamp="24 Jan 2019 13:15:48 GMT" time="17.833" errors="0">
  <testcase name="validLoanInfo" time="17.833" classname="com.training.sanity.tests.LoanInfo"/>
</testsuite> <!-- com.training.sanity.tests.LoanInfo -->
