<?xml version="1.0" encoding="UTF-8"?>
<!-- Generated by org.testng.reporters.JUnitReportReporter -->
<testsuite skipped="0" hostname="DESKTOP-AO51KEB" name="com.training.sanity.tests.AdvertisementTest" tests="1" failures="0" timestamp="30 Jan 2019 12:09:09 GMT" time="41.647" errors="0">
  <testcase name="validAdvertisementTest" time="41.647" classname="com.training.sanity.tests.AdvertisementTest"/>
</testsuite> <!-- com.training.sanity.tests.AdvertisementTest -->
