<?xml version="1.0" encoding="UTF-8"?>
<!-- Generated by org.testng.reporters.JUnitReportReporter -->
<testsuite skipped="0" hostname="DESKTOP-AO51KEB" name="com.training.sanity.tests.PendingloanTest" tests="1" failures="0" timestamp="30 Jan 2019 11:57:02 GMT" time="30.886" errors="0">
  <testcase name="validPendingloanTest" time="30.886" classname="com.training.sanity.tests.PendingloanTest"/>
</testsuite> <!-- com.training.sanity.tests.PendingloanTest -->
