<?xml version="1.0" encoding="UTF-8"?>
<!-- Generated by org.testng.reporters.JUnitReportReporter -->
<testsuite skipped="0" hostname="DESKTOP-AO51KEB" name="com.training.sanity.tests.LoanInfo" tests="1" failures="0" timestamp="23 Jan 2019 06:57:35 GMT" time="18.549" errors="0">
  <testcase name="validLoanInfo" time="18.549" classname="com.training.sanity.tests.LoanInfo"/>
</testsuite> <!-- com.training.sanity.tests.LoanInfo -->
