<?xml version="1.0" encoding="UTF-8"?>
<!-- Generated by org.testng.reporters.JUnitReportReporter -->
<testsuite skipped="0" hostname="DESKTOP-AO51KEB" name="com.training.sanity.tests.RemoveTest" tests="1" failures="0" timestamp="23 Jan 2019 15:06:44 GMT" time="17.545" errors="0">
  <testcase name="validRemoveTest" time="17.545" classname="com.training.sanity.tests.RemoveTest"/>
</testsuite> <!-- com.training.sanity.tests.RemoveTest -->
