<?xml version="1.0" encoding="UTF-8"?>
<!-- Generated by org.testng.reporters.JUnitReportReporter -->
<testsuite skipped="0" hostname="DESKTOP-AO51KEB" name="com.training.sanity.tests.MemberTest" tests="1" failures="0" timestamp="24 Jan 2019 12:09:36 GMT" time="21.743" errors="0">
  <testcase name="validMemberTest" time="21.743" classname="com.training.sanity.tests.MemberTest"/>
</testsuite> <!-- com.training.sanity.tests.MemberTest -->
