<?xml version="1.0" encoding="UTF-8"?>
<!-- Generated by org.testng.reporters.JUnitReportReporter -->
<testsuite skipped="0" hostname="DESKTOP-AO51KEB" name="com.training.sanity.tests.RemoveTest" tests="1" failures="0" timestamp="24 Jan 2019 13:51:00 GMT" time="15.460" errors="0">
  <testcase name="validRemoveTest" time="15.460" classname="com.training.sanity.tests.RemoveTest"/>
</testsuite> <!-- com.training.sanity.tests.RemoveTest -->
