<?xml version="1.0" encoding="UTF-8"?>
<!-- Generated by org.testng.reporters.JUnitReportReporter -->
<testsuite skipped="0" hostname="DESKTOP-AO51KEB" name="com.training.sanity.tests.GrantloanTest" tests="1" failures="0" timestamp="30 Jan 2019 10:47:58 GMT" time="46.454" errors="0">
  <testcase name="validLoanInfo" time="46.454" classname="com.training.sanity.tests.GrantloanTest"/>
</testsuite> <!-- com.training.sanity.tests.GrantloanTest -->
