<?xml version="1.0" encoding="UTF-8"?>
<!-- Generated by org.testng.reporters.JUnitReportReporter -->
<testsuite skipped="0" hostname="DESKTOP-AO51KEB" name="com.training.sanity.tests.PaymentTest" tests="1" failures="0" timestamp="30 Jan 2019 11:04:32 GMT" time="34.476" errors="0">
  <testcase name="validPaymentTest" time="34.476" classname="com.training.sanity.tests.PaymentTest"/>
</testsuite> <!-- com.training.sanity.tests.PaymentTest -->
