<?xml version="1.0" encoding="UTF-8"?>
<!-- Generated by org.testng.reporters.JUnitReportReporter -->
<testsuite skipped="0" hostname="DESKTOP-AO51KEB" name="com.training.sanity.tests.RepayTest" tests="1" failures="0" timestamp="24 Jan 2019 12:52:01 GMT" time="15.446" errors="0">
  <testcase name="validLoanInfo" time="15.446" classname="com.training.sanity.tests.RepayTest"/>
</testsuite> <!-- com.training.sanity.tests.RepayTest -->
