<?xml version="1.0" encoding="UTF-8"?>
<!-- Generated by org.testng.reporters.JUnitReportReporter -->
<testsuite skipped="0" hostname="DESKTOP-AO51KEB" name="com.training.sanity.tests.ViewTest" tests="1" failures="0" timestamp="24 Jan 2019 12:48:10 GMT" time="19.913" errors="0">
  <testcase name="validViewTest" time="19.913" classname="com.training.sanity.tests.ViewTest"/>
</testsuite> <!-- com.training.sanity.tests.ViewTest -->
